Performing C SOURCE FILE Test CMAKE_HAVE_LIBC_PTHREAD failed with the following output:
Change Dir: /home/sten_bone/repos/udemy-proj-tilemap-editor/clion-build/2DGameEngineCLion/cmake-build-debug/CMakeFiles/CMakeTmp

Run Build Command(s):/usr/bin/make cmTC_73b62/fast && /usr/bin/make -f CMakeFiles/cmTC_73b62.dir/build.make CMakeFiles/cmTC_73b62.dir/build
make[1]: Entering directory '/home/sten_bone/repos/udemy-proj-tilemap-editor/clion-build/2DGameEngineCLion/cmake-build-debug/CMakeFiles/CMakeTmp'
Building C object CMakeFiles/cmTC_73b62.dir/src.c.o
/usr/bin/cc   -DCMAKE_HAVE_LIBC_PTHREAD   -o CMakeFiles/cmTC_73b62.dir/src.c.o   -c /home/sten_bone/repos/udemy-proj-tilemap-editor/clion-build/2DGameEngineCLion/cmake-build-debug/CMakeFiles/CMakeTmp/src.c
Linking C executable cmTC_73b62
/snap/clion/112/bin/cmake/linux/bin/cmake -E cmake_link_script CMakeFiles/cmTC_73b62.dir/link.txt --verbose=1
/usr/bin/cc  -DCMAKE_HAVE_LIBC_PTHREAD    CMakeFiles/cmTC_73b62.dir/src.c.o  -o cmTC_73b62 
CMakeFiles/cmTC_73b62.dir/src.c.o: In function `main':
src.c:(.text+0x3e): undefined reference to `pthread_create'
src.c:(.text+0x4a): undefined reference to `pthread_detach'
src.c:(.text+0x5b): undefined reference to `pthread_join'
src.c:(.text+0x6f): undefined reference to `pthread_atfork'
collect2: error: ld returned 1 exit status
CMakeFiles/cmTC_73b62.dir/build.make:86: recipe for target 'cmTC_73b62' failed
make[1]: *** [cmTC_73b62] Error 1
make[1]: Leaving directory '/home/sten_bone/repos/udemy-proj-tilemap-editor/clion-build/2DGameEngineCLion/cmake-build-debug/CMakeFiles/CMakeTmp'
Makefile:121: recipe for target 'cmTC_73b62/fast' failed
make: *** [cmTC_73b62/fast] Error 2


Source file was:
#include <pthread.h>

void* test_func(void* data)
{
  return data;
}

int main(void)
{
  pthread_t thread;
  pthread_create(&thread, NULL, test_func, NULL);
  pthread_detach(thread);
  pthread_join(thread, NULL);
  pthread_atfork(NULL, NULL, NULL);
  pthread_exit(NULL);

  return 0;
}

Determining if the function pthread_create exists in the pthreads failed with the following output:
Change Dir: /home/sten_bone/repos/udemy-proj-tilemap-editor/clion-build/2DGameEngineCLion/cmake-build-debug/CMakeFiles/CMakeTmp

Run Build Command(s):/usr/bin/make cmTC_de8f3/fast && /usr/bin/make -f CMakeFiles/cmTC_de8f3.dir/build.make CMakeFiles/cmTC_de8f3.dir/build
make[1]: Entering directory '/home/sten_bone/repos/udemy-proj-tilemap-editor/clion-build/2DGameEngineCLion/cmake-build-debug/CMakeFiles/CMakeTmp'
Building C object CMakeFiles/cmTC_de8f3.dir/CheckFunctionExists.c.o
/usr/bin/cc   -DCHECK_FUNCTION_EXISTS=pthread_create   -o CMakeFiles/cmTC_de8f3.dir/CheckFunctionExists.c.o   -c /snap/clion/112/bin/cmake/linux/share/cmake-3.16/Modules/CheckFunctionExists.c
Linking C executable cmTC_de8f3
/snap/clion/112/bin/cmake/linux/bin/cmake -E cmake_link_script CMakeFiles/cmTC_de8f3.dir/link.txt --verbose=1
/usr/bin/cc  -DCHECK_FUNCTION_EXISTS=pthread_create    CMakeFiles/cmTC_de8f3.dir/CheckFunctionExists.c.o  -o cmTC_de8f3  -lpthreads 
/usr/bin/ld: cannot find -lpthreads
collect2: error: ld returned 1 exit status
CMakeFiles/cmTC_de8f3.dir/build.make:86: recipe for target 'cmTC_de8f3' failed
make[1]: *** [cmTC_de8f3] Error 1
make[1]: Leaving directory '/home/sten_bone/repos/udemy-proj-tilemap-editor/clion-build/2DGameEngineCLion/cmake-build-debug/CMakeFiles/CMakeTmp'
Makefile:121: recipe for target 'cmTC_de8f3/fast' failed
make: *** [cmTC_de8f3/fast] Error 2



